Сборка начата 19.12.2019 19:20:12.
     1>Проект "D:\KDV_2019\Generation\Generation\Generation.vcxproj" в узле 2 (целевые объекты Build).
     1>InitializeBuildStatus:
         Создание "Debug\Generation.tlog\unsuccessfulbuild", так как было задано "AlwaysCreate".
       _MASM:
         Assembling Gen.asm...
         cmd.exe /C "C:\Users\Диана\AppData\Local\Temp\tmpe8fe15fc7d3946989cdf529ecb872bdd.cmd"
         ml.exe /c /nologo /Zi /Fo"Debug\Gen.obj" /W3 /errorReport:prompt  /TaGen.asm
       ClCompile:
         Для всех выходных данных обновления не требуется.
       Link:
         C:\Program Files (x86)\Microsoft Visual Studio\2017\Community\VC\Tools\MSVC\14.15.26726\bin\HostX86\x86\link.exe /ERRORREPORT:PROMPT /OUT:"D:\KDV_2019\Generation\Debug\Generation.exe" /INCREMENTAL /NOLOGO kernel32.lib user32.lib gdi32.lib winspool.lib comdlg32.lib advapi32.lib shell32.lib ole32.lib oleaut32.lib uuid.lib odbc32.lib odbccp32.lib /MANIFEST /MANIFESTUAC:"level='asInvoker' uiAccess='false'" /manifest:embed /DEBUG:FASTLINK /PDB:"D:\KDV_2019\Generation\Debug\Generation.pdb" /SUBSYSTEM:CONSOLE /TLBID:1 /DYNAMICBASE /NXCOMPAT /IMPLIB:"D:\KDV_2019\Generation\Debug\Generation.lib" /MACHINE:X86 Debug\stdafx.obj
         Debug\Gen.obj
         Generation.vcxproj -> D:\KDV_2019\Generation\Debug\Generation.exe
       FinalizeBuildStatus:
         Файл "Debug\Generation.tlog\unsuccessfulbuild" удаляется.
         Обращение к "Debug\Generation.tlog\Generation.lastbuildstate".
     1>Сборка проекта "D:\KDV_2019\Generation\Generation\Generation.vcxproj" завершена (целевые объекты Build).

Сборка успешно завершена.
    Предупреждений: 0
    Ошибок: 0

Прошло времени 00:00:01.27
